 
****************************************
Report : area
Design : LASER
Version: O-2018.06
Date   : Thu Mar 13 23:38:28 2025
****************************************

Library(s) Used:

    slow (File: /home/wuyifan/Desktop/ICCONTESTLIN/Lib/slow.db)

Number of ports:                           63
Number of nets:                          8076
Number of cells:                         7874
Number of combinational cells:           5930
Number of sequential cells:              1942
Number of macros/black boxes:               0
Number of buf/inv:                        948
Number of references:                      72

Combinational area:              27447.840574
Buf/Inv area:                     2483.006474
Noncombinational area:           31853.606874
Macro/Black Box area:                0.000000
Net Interconnect area:      undefined  (No wire load specified)

Total cell area:                 59301.447448
Total area:                 undefined
1
