Information: Checking out the license 'DesignWare'. (SEC-104)
 
****************************************
Report : area
Design : geofence
Version: O-2018.06
Date   : Thu Mar 13 22:50:07 2025
****************************************

Information: Updating design information... (UID-85)
Library(s) Used:

    gtech (File: /usr/cad/synopsys/synthesis/2018.06/libraries/syn/gtech.db)
    gtech (File: /usr/cad/synopsys/synthesis/2018.06/libraries/syn/gtech.db)

Number of ports:                         1053
Number of nets:                          3663
Number of cells:                         2043
Number of combinational cells:           1649
Number of sequential cells:               348
Number of macros/black boxes:               0
Number of buf/inv:                        552
Number of references:                      26

Combinational area:                  0.000000
Buf/Inv area:                        0.000000
Noncombinational area:               0.000000
Macro/Black Box area:                0.000000
Net Interconnect area:      undefined  (No wire load specified)

Total cell area:                     0.000000
Total area:                 undefined

Information: This design contains unmapped logic. (RPT-7)
1
