 
****************************************
Report : timing
        -path full
        -delay max
        -max_paths 1
Design : geofence
Version: O-2018.06
Date   : Thu Mar 13 22:50:07 2025
****************************************

Operating Conditions: slow   Library: slow
Wire Load Model Mode: top

  Startpoint: X[0] (input port clocked by clk)
  Endpoint: geofence_X_reg[0][0]
            (rising edge-triggered flip-flop clocked by clk)
  Path Group: clk
  Path Type: max

  Point                                                   Incr       Path
  --------------------------------------------------------------------------
  clock clk (fall edge)                                  15.00      15.00
  clock network delay (ideal)                             0.50      15.50
  input external delay                                    0.00      15.50 r
  X[0] (in)                                               0.00      15.50 r
  C3495/Z_50 (*SELECT_OP_2.60_2.1_60)                     0.00      15.50 r
  geofence_X_reg[0][0]/next_state (**SEQGEN**)            0.00      15.50 r
  data arrival time                                                 15.50

  clock clk (rise edge)                                  30.00      30.00
  clock network delay (ideal)                             0.50      30.50
  clock uncertainty                                      -0.10      30.40
  geofence_X_reg[0][0]/clocked_on (**SEQGEN**)            0.00      30.40 r
  library setup time                                      0.00      30.40
  data required time                                                30.40
  --------------------------------------------------------------------------
  data required time                                                30.40
  data arrival time                                                -15.50
  --------------------------------------------------------------------------
  slack (MET)                                                       14.90


1
